z:\re\nexusmods\sekiro-debug-menu\dinput8\x64\release\vc141.pdb
z:\re\nexusmods\sekiro-debug-menu\dinput8\x64\release\trampoline.obj
z:\re\nexusmods\sekiro-debug-menu\dinput8\x64\release\hook.obj
z:\re\nexusmods\sekiro-debug-menu\dinput8\x64\release\hde64.obj
z:\re\nexusmods\sekiro-debug-menu\dinput8\x64\release\hde32.obj
z:\re\nexusmods\sekiro-debug-menu\dinput8\x64\release\buffer.obj
z:\re\nexusmods\sekiro-debug-menu\dinput8\x64\release\dinput8.obj
z:\re\nexusmods\sekiro-debug-menu\dinput8\x64\release\signature.obj
z:\re\nexusmods\sekiro-debug-menu\dinput8\x64\release\sekirodebugmenu.obj
z:\re\nexusmods\sekiro-debug-menu\dinput8\x64\release\hooks.obj
z:\re\nexusmods\sekiro-debug-menu\dinput8\x64\release\patches.obj
z:\re\nexusmods\sekiro-debug-menu\x64\release\dinput8.lib
z:\re\nexusmods\sekiro-debug-menu\x64\release\dinput8.exp
z:\re\nexusmods\sekiro-debug-menu\x64\release\dinput8.ipdb
z:\re\nexusmods\sekiro-debug-menu\x64\release\dinput8.iobj
z:\re\nexusmods\sekiro-debug-menu\x64\release\dinput8.dll
z:\re\nexusmods\sekiro-debug-menu\x64\release\dinput8.pdb
z:\re\nexusmods\sekiro-debug-menu\dinput8\x64\release\dinput8_asm.obj
z:\re\nexusmods\sekiro-debug-menu\dinput8\x64\release\dinput8.tlog\cl.command.1.tlog
z:\re\nexusmods\sekiro-debug-menu\dinput8\x64\release\dinput8.tlog\cl.read.1.tlog
z:\re\nexusmods\sekiro-debug-menu\dinput8\x64\release\dinput8.tlog\cl.write.1.tlog
z:\re\nexusmods\sekiro-debug-menu\dinput8\x64\release\dinput8.tlog\dinput8.write.1u.tlog
z:\re\nexusmods\sekiro-debug-menu\dinput8\x64\release\dinput8.tlog\link.command.1.tlog
z:\re\nexusmods\sekiro-debug-menu\dinput8\x64\release\dinput8.tlog\link.read.1.tlog
z:\re\nexusmods\sekiro-debug-menu\dinput8\x64\release\dinput8.tlog\link.write.1.tlog
z:\re\nexusmods\sekiro-debug-menu\dinput8\x64\release\dinput8.tlog\masm.read.1u.tlog
z:\re\nexusmods\sekiro-debug-menu\dinput8\x64\release\dinput8.tlog\masm.write.1u.tlog
